<?xml version="1.0" encoding="UTF-8"?>
<testsuite xmlns:xsi="http://www.w3.org/2001/XMLSchema-instance" xsi:noNamespaceSchemaLocation="https://maven.apache.org/surefire/maven-surefire-plugin/xsd/surefire-test-report-3.0.xsd" version="3.0" name="org.example.runner.RunnerTest" time="8.468" tests="6" errors="0" skipped="0" failures="4">
  <properties>
[...]
</properties>
  <testcase name="runScenario[&quot;Positive Test&quot;, &quot;Create User&quot;](1)" classname="org.example.runner.RunnerTest" time="4.029">
    <system-out><![CDATA[
Scenario Outline: Positive Test                                            &amp#27;[90m# src/test/resources/features/create_user.feature:11&amp#27;[0m
  &amp#27;[32mGiven &amp#27;[0m&amp#27;[32mrequest specification configured with &amp#27;[0m&amp#27;[32m&amp#27;[1m'https://reqres.in/'&amp#27;[0m&amp#27;[32m URI&amp#27;[0m     &amp#27;[90m# org.example.stepdeffs.CreateUserStepDefinitions.request_specification_configured(java.lang.String)&amp#27;[0m
Request method:	POST
Request URI:	https://reqres.in/api/users
Proxy:			<none>
Request params:	<none>
Query params:	<none>
Form params:	<none>
Path params:	<none>
Headers:		Accept=*/*
				Content-Type=application/json
Cookies:		<none>
Multiparts:		<none>
Body:
{
    "name": "Olha",
    "job": "AQA"
}
HTTP/1.1 201 Created
Date: Sat, 06 Apr 2024 17:35:58 GMT
Content-Type: application/json; charset=utf-8
Content-Length: 77
Connection: keep-alive
Report-To: {"group":"heroku-nel","max_age":3600,"endpoints":[{"url":"https://nel.heroku.com/reports?ts=1712424958&sid=c4c9725f-1ab0-44d8-820f-430df2718e11&s=gWZkf0eiwj6DKtYH3yi0XZPA5YHELfTgNtqGgIftlGk%3D"}]}
Reporting-Endpoints: heroku-nel=https://nel.heroku.com/reports?ts=1712424958&sid=c4c9725f-1ab0-44d8-820f-430df2718e11&s=gWZkf0eiwj6DKtYH3yi0XZPA5YHELfTgNtqGgIftlGk%3D
Nel: {"report_to":"heroku-nel","max_age":3600,"success_fraction":0.005,"failure_fraction":0.05,"response_headers":["Via"]}
X-Powered-By: Express
Access-Control-Allow-Origin: *
Etag: W/"4d-lLOK3N3tsOpr7InXSefH6YYCDv0"
Via: 1.1 vegur
CF-Cache-Status: DYNAMIC
Server: cloudflare
CF-RAY: 87038993683e5ad3-VIE

{
    "name": "Olha",
    "job": "AQA",
    "id": "716",
    "createdAt": "2024-04-06T17:35:58.054Z"
}
  &amp#27;[32mWhen &amp#27;[0m&amp#27;[32mI send a POST request to create the user with &amp#27;[0m&amp#27;[32m&amp#27;[1mOlha&amp#27;[0m&amp#27;[32m name and &amp#27;[0m&amp#27;[32m&amp#27;[1mAQA&amp#27;[0m&amp#27;[32m job&amp#27;[0m &amp#27;[90m# org.example.stepdeffs.CreateUserStepDefinitions.i_send_a_post_request_to_create_the_user(java.lang.String,java.lang.String)&amp#27;[0m
  &amp#27;[32mThen &amp#27;[0m&amp#27;[32mI should receive 201 status code&amp#27;[0m                                    &amp#27;[90m# org.example.stepdeffs.CreateUserStepDefinitions.I_should_receive_201_status_code()&amp#27;[0m
  &amp#27;[32mAnd &amp#27;[0m&amp#27;[32mthe response body should contain user details &amp#27;[0m&amp#27;[32m&amp#27;[1mOlha&amp#27;[0m&amp#27;[32m name and &amp#27;[0m&amp#27;[32m&amp#27;[1mAQA&amp#27;[0m&amp#27;[32m job&amp#27;[0m  &amp#27;[90m# org.example.stepdeffs.CreateUserStepDefinitions.the_response_body_should_contain_user_details(java.lang.String,java.lang.String)&amp#27;[0m
]]></system-out>
  </testcase>
  <testcase name="runScenario[&quot;Positive Test&quot;, &quot;Create User&quot;](2)" classname="org.example.runner.RunnerTest" time="0.439">
    <system-out><![CDATA[
Scenario Outline: Positive Test                                                  &amp#27;[90m# src/test/resources/features/create_user.feature:12&amp#27;[0m
  &amp#27;[32mGiven &amp#27;[0m&amp#27;[32mrequest specification configured with &amp#27;[0m&amp#27;[32m&amp#27;[1m'https://reqres.in/'&amp#27;[0m&amp#27;[32m URI&amp#27;[0m           &amp#27;[90m# org.example.stepdeffs.CreateUserStepDefinitions.request_specification_configured(java.lang.String)&amp#27;[0m
Request method:	POST
Request URI:	https://reqres.in/api/users
Proxy:			<none>
Request params:	<none>
Query params:	<none>
Form params:	<none>
Path params:	<none>
Headers:		Accept=*/*
				Content-Type=application/json
Cookies:		<none>
Multiparts:		<none>
Body:
{
    "name": "John",
    "job": "Developer"
}
HTTP/1.1 201 Created
Date: Sat, 06 Apr 2024 17:35:59 GMT
Content-Type: application/json; charset=utf-8
Content-Length: 82
Connection: keep-alive
Report-To: {"group":"heroku-nel","max_age":3600,"endpoints":[{"url":"https://nel.heroku.com/reports?ts=1712424959&sid=c4c9725f-1ab0-44d8-820f-430df2718e11&s=gdXmVJtYjRYHNsWOjpFJnpbU9k35zeXdnU4ze2nJgNs%3D"}]}
Reporting-Endpoints: heroku-nel=https://nel.heroku.com/reports?ts=1712424959&sid=c4c9725f-1ab0-44d8-820f-430df2718e11&s=gdXmVJtYjRYHNsWOjpFJnpbU9k35zeXdnU4ze2nJgNs%3D
Nel: {"report_to":"heroku-nel","max_age":3600,"success_fraction":0.005,"failure_fraction":0.05,"response_headers":["Via"]}
X-Powered-By: Express
Access-Control-Allow-Origin: *
Etag: W/"52-6ClJ0gJouYjeoZFaWru70YEwrBM"
Via: 1.1 vegur
CF-Cache-Status: DYNAMIC
Server: cloudflare
CF-RAY: 8703899d784ac2ca-VIE

{
    "name": "John",
    "job": "Developer",
    "id": "70",
    "createdAt": "2024-04-06T17:35:59.663Z"
}
  &amp#27;[32mWhen &amp#27;[0m&amp#27;[32mI send a POST request to create the user with &amp#27;[0m&amp#27;[32m&amp#27;[1mJohn&amp#27;[0m&amp#27;[32m name and &amp#27;[0m&amp#27;[32m&amp#27;[1mDeveloper&amp#27;[0m&amp#27;[32m job&amp#27;[0m &amp#27;[90m# org.example.stepdeffs.CreateUserStepDefinitions.i_send_a_post_request_to_create_the_user(java.lang.String,java.lang.String)&amp#27;[0m
  &amp#27;[32mThen &amp#27;[0m&amp#27;[32mI should receive 201 status code&amp#27;[0m                                          &amp#27;[90m# org.example.stepdeffs.CreateUserStepDefinitions.I_should_receive_201_status_code()&amp#27;[0m
  &amp#27;[32mAnd &amp#27;[0m&amp#27;[32mthe response body should contain user details &amp#27;[0m&amp#27;[32m&amp#27;[1mJohn&amp#27;[0m&amp#27;[32m name and &amp#27;[0m&amp#27;[32m&amp#27;[1mDeveloper&amp#27;[0m&amp#27;[32m job&amp#27;[0m  &amp#27;[90m# org.example.stepdeffs.CreateUserStepDefinitions.the_response_body_should_contain_user_details(java.lang.String,java.lang.String)&amp#27;[0m
]]></system-out>
  </testcase>
  <testcase name="runScenario[&quot;Negative Test&quot;, &quot;Create User&quot;](3)" classname="org.example.runner.RunnerTest" time="0.343">
    <failure message="1 expectation failed.&#10;Expected status code &lt;404&gt; but was &lt;201&gt;.&#10;" type="java.lang.AssertionError"><![CDATA[java.lang.AssertionError: 
1 expectation failed.
Expected status code <404> but was <201>.

	at java.base/jdk.internal.reflect.NativeConstructorAccessorImpl.newInstance0(Native Method)
	at java.base/jdk.internal.reflect.NativeConstructorAccessorImpl.newInstance(NativeConstructorAccessorImpl.java:77)
	at java.base/jdk.internal.reflect.DelegatingConstructorAccessorImpl.newInstance(DelegatingConstructorAccessorImpl.java:45)
	at java.base/java.lang.reflect.Constructor.newInstanceWithCaller(Constructor.java:499)
	at java.base/java.lang.reflect.Constructor.newInstance(Constructor.java:480)
	at org.codehaus.groovy.reflection.CachedConstructor.invoke(CachedConstructor.java:73)
	at org.codehaus.groovy.runtime.callsite.ConstructorSite$ConstructorSiteNoUnwrapNoCoerce.callConstructor(ConstructorSite.java:108)
	at org.codehaus.groovy.runtime.callsite.CallSiteArray.defaultCallConstructor(CallSiteArray.java:57)
	at org.codehaus.groovy.runtime.callsite.AbstractCallSite.callConstructor(AbstractCallSite.java:263)
	at org.codehaus.groovy.runtime.callsite.AbstractCallSite.callConstructor(AbstractCallSite.java:277)
	at io.restassured.internal.ResponseSpecificationImpl$HamcrestAssertionClosure.validate(ResponseSpecificationImpl.groovy:512)
	at io.restassured.internal.ResponseSpecificationImpl$HamcrestAssertionClosure$validate$1.call(Unknown Source)
	at io.restassured.internal.ResponseSpecificationImpl.validateResponseIfRequired(ResponseSpecificationImpl.groovy:696)
	at io.restassured.internal.ResponseSpecificationImpl.this$2$validateResponseIfRequired(ResponseSpecificationImpl.groovy)
	at java.base/jdk.internal.reflect.NativeMethodAccessorImpl.invoke0(Native Method)
	at java.base/jdk.internal.reflect.NativeMethodAccessorImpl.invoke(NativeMethodAccessorImpl.java:77)
	at java.base/jdk.internal.reflect.DelegatingMethodAccessorImpl.invoke(DelegatingMethodAccessorImpl.java:43)
	at java.base/java.lang.reflect.Method.invoke(Method.java:568)
	at org.codehaus.groovy.runtime.callsite.PlainObjectMetaMethodSite.doInvoke(PlainObjectMetaMethodSite.java:43)
	at org.codehaus.groovy.runtime.callsite.PogoMetaMethodSite$PogoCachedMethodSiteNoUnwrapNoCoerce.invoke(PogoMetaMethodSite.java:198)
	at org.codehaus.groovy.runtime.callsite.PogoMetaMethodSite.callCurrent(PogoMetaMethodSite.java:62)
	at org.codehaus.groovy.runtime.callsite.AbstractCallSite.callCurrent(AbstractCallSite.java:185)
	at io.restassured.internal.ResponseSpecificationImpl.statusCode(ResponseSpecificationImpl.groovy:135)
	at io.restassured.specification.ResponseSpecification$statusCode$0.callCurrent(Unknown Source)
	at io.restassured.internal.ResponseSpecificationImpl.statusCode(ResponseSpecificationImpl.groovy:143)
	at io.restassured.internal.ValidatableResponseOptionsImpl.statusCode(ValidatableResponseOptionsImpl.java:89)
	at org.example.stepdeffs.CreateUserStepDefinitions.I_will_receive_404_status_code(CreateUserStepDefinitions.java:75)
	at ✽.I will receive 404 status code(file:///D:/GitRepoJava/aqa-pet/hw23/src/test/resources/features/create_user.feature:18)
]]></failure>
    <system-out><![CDATA[
Scenario Outline: Negative Test                                                                 &amp#27;[90m# src/test/resources/features/create_user.feature:22&amp#27;[0m
  &amp#27;[32mGiven &amp#27;[0m&amp#27;[32mrequest specification configured with &amp#27;[0m&amp#27;[32m&amp#27;[1m'https://reqres.in/'&amp#27;[0m&amp#27;[32m URI&amp#27;[0m                          &amp#27;[90m# org.example.stepdeffs.CreateUserStepDefinitions.request_specification_configured(java.lang.String)&amp#27;[0m
Request method:	POST
Request URI:	https://reqres.in/api/users123
Proxy:			<none>
Request params:	<none>
Query params:	<none>
Form params:	<none>
Path params:	<none>
Headers:		Accept=*/*
				Content-Type=application/json
Cookies:		<none>
Multiparts:		<none>
Body:
{
    "name": "UserName1",
    "job": "UserJob1"
}
HTTP/1.1 201 Created
Date: Sat, 06 Apr 2024 17:36:00 GMT
Content-Type: application/json; charset=utf-8
Content-Length: 87
Connection: keep-alive
Report-To: {"group":"heroku-nel","max_age":3600,"endpoints":[{"url":"https://nel.heroku.com/reports?ts=1712424960&sid=c4c9725f-1ab0-44d8-820f-430df2718e11&s=%2FwLGrIgWML068VniJCFvppqhp7%2F7dgt8Oj7zR8x%2BXks%3D"}]}
Reporting-Endpoints: heroku-nel=https://nel.heroku.com/reports?ts=1712424960&sid=c4c9725f-1ab0-44d8-820f-430df2718e11&s=%2FwLGrIgWML068VniJCFvppqhp7%2F7dgt8Oj7zR8x%2BXks%3D
Nel: {"report_to":"heroku-nel","max_age":3600,"success_fraction":0.005,"failure_fraction":0.05,"response_headers":["Via"]}
X-Powered-By: Express
Access-Control-Allow-Origin: *
Etag: W/"57-HWeHI+Uke3ZwvPNgXO2JKKgZOUw"
Via: 1.1 vegur
CF-Cache-Status: DYNAMIC
Server: cloudflare
CF-RAY: 8703899fbd235a78-VIE

{
    "name": "UserName1",
    "job": "UserJob1",
    "id": "472",
    "createdAt": "2024-04-06T17:36:00.029Z"
}
  &amp#27;[32mWhen &amp#27;[0m&amp#27;[32mI send a POST request with &amp#27;[0m&amp#27;[32m&amp#27;[1mUserName1&amp#27;[0m&amp#27;[32m name, &amp#27;[0m&amp#27;[32m&amp#27;[1mUserJob1&amp#27;[0m&amp#27;[32m job and  &amp#27;[0m&amp#27;[32m&amp#27;[1mapi/users123&amp#27;[0m&amp#27;[32m wrong endpoint&amp#27;[0m &amp#27;[90m# org.example.stepdeffs.CreateUserStepDefinitions.i_send_a_post_request_with_wrong_endpoint(java.lang.String,java.lang.String,java.lang.String)&amp#27;[0m
  &amp#27;[31mThen &amp#27;[0m&amp#27;[31mI will receive 404 status code&amp#27;[0m                                                           &amp#27;[90m# org.example.stepdeffs.CreateUserStepDefinitions.I_will_receive_404_status_code()&amp#27;[0m
      &amp#27;[31mjava.lang.AssertionError: 1 expectation failed.
Expected status code <404> but was <201>.

	at java.base/jdk.internal.reflect.NativeConstructorAccessorImpl.newInstance0(Native Method)
	at java.base/jdk.internal.reflect.NativeConstructorAccessorImpl.newInstance(NativeConstructorAccessorImpl.java:77)
	at java.base/jdk.internal.reflect.DelegatingConstructorAccessorImpl.newInstance(DelegatingConstructorAccessorImpl.java:45)
	at java.base/java.lang.reflect.Constructor.newInstanceWithCaller(Constructor.java:499)
	at java.base/java.lang.reflect.Constructor.newInstance(Constructor.java:480)
	at org.codehaus.groovy.reflection.CachedConstructor.invoke(CachedConstructor.java:73)
	at org.codehaus.groovy.runtime.callsite.ConstructorSite$ConstructorSiteNoUnwrapNoCoerce.callConstructor(ConstructorSite.java:108)
	at org.codehaus.groovy.runtime.callsite.CallSiteArray.defaultCallConstructor(CallSiteArray.java:57)
	at org.codehaus.groovy.runtime.callsite.AbstractCallSite.callConstructor(AbstractCallSite.java:263)
	at org.codehaus.groovy.runtime.callsite.AbstractCallSite.callConstructor(AbstractCallSite.java:277)
	at io.restassured.internal.ResponseSpecificationImpl$HamcrestAssertionClosure.validate(ResponseSpecificationImpl.groovy:512)
	at io.restassured.internal.ResponseSpecificationImpl$HamcrestAssertionClosure$validate$1.call(Unknown Source)
	at io.restassured.internal.ResponseSpecificationImpl.validateResponseIfRequired(ResponseSpecificationImpl.groovy:696)
	at io.restassured.internal.ResponseSpecificationImpl.this$2$validateResponseIfRequired(ResponseSpecificationImpl.groovy)
	at java.base/jdk.internal.reflect.NativeMethodAccessorImpl.invoke0(Native Method)
	at java.base/jdk.internal.reflect.NativeMethodAccessorImpl.invoke(NativeMethodAccessorImpl.java:77)
	at java.base/jdk.internal.reflect.DelegatingMethodAccessorImpl.invoke(DelegatingMethodAccessorImpl.java:43)
	at java.base/java.lang.reflect.Method.invoke(Method.java:568)
	at org.codehaus.groovy.runtime.callsite.PlainObjectMetaMethodSite.doInvoke(PlainObjectMetaMethodSite.java:43)
	at org.codehaus.groovy.runtime.callsite.PogoMetaMethodSite$PogoCachedMethodSiteNoUnwrapNoCoerce.invoke(PogoMetaMethodSite.java:198)
	at org.codehaus.groovy.runtime.callsite.PogoMetaMethodSite.callCurrent(PogoMetaMethodSite.java:62)
	at org.codehaus.groovy.runtime.callsite.AbstractCallSite.callCurrent(AbstractCallSite.java:185)
	at io.restassured.internal.ResponseSpecificationImpl.statusCode(ResponseSpecificationImpl.groovy:135)
	at io.restassured.specification.ResponseSpecification$statusCode$0.callCurrent(Unknown Source)
	at io.restassured.internal.ResponseSpecificationImpl.statusCode(ResponseSpecificationImpl.groovy:143)
	at io.restassured.internal.ValidatableResponseOptionsImpl.statusCode(ValidatableResponseOptionsImpl.java:89)
	at org.example.stepdeffs.CreateUserStepDefinitions.I_will_receive_404_status_code(CreateUserStepDefinitions.java:75)
	at вњЅ.I will receive 404 status code(file:///D:/GitRepoJava/aqa-pet/hw23/src/test/resources/features/create_user.feature:18)
&amp#27;[0m
]]></system-out>
  </testcase>
  <testcase name="runScenario[&quot;Negative Test&quot;, &quot;Create User&quot;](4)" classname="org.example.runner.RunnerTest" time="0.312">
    <failure message="1 expectation failed.&#10;Expected status code &lt;404&gt; but was &lt;201&gt;.&#10;" type="java.lang.AssertionError"><![CDATA[java.lang.AssertionError: 
1 expectation failed.
Expected status code <404> but was <201>.

	at java.base/jdk.internal.reflect.NativeConstructorAccessorImpl.newInstance0(Native Method)
	at java.base/jdk.internal.reflect.NativeConstructorAccessorImpl.newInstance(NativeConstructorAccessorImpl.java:77)
	at java.base/jdk.internal.reflect.DelegatingConstructorAccessorImpl.newInstance(DelegatingConstructorAccessorImpl.java:45)
	at java.base/java.lang.reflect.Constructor.newInstanceWithCaller(Constructor.java:499)
	at java.base/java.lang.reflect.Constructor.newInstance(Constructor.java:480)
	at org.codehaus.groovy.reflection.CachedConstructor.invoke(CachedConstructor.java:73)
	at org.codehaus.groovy.runtime.callsite.ConstructorSite$ConstructorSiteNoUnwrapNoCoerce.callConstructor(ConstructorSite.java:108)
	at org.codehaus.groovy.runtime.callsite.AbstractCallSite.callConstructor(AbstractCallSite.java:277)
	at io.restassured.internal.ResponseSpecificationImpl$HamcrestAssertionClosure.validate(ResponseSpecificationImpl.groovy:512)
	at io.restassured.internal.ResponseSpecificationImpl$HamcrestAssertionClosure$validate$1.call(Unknown Source)
	at io.restassured.internal.ResponseSpecificationImpl.validateResponseIfRequired(ResponseSpecificationImpl.groovy:696)
	at io.restassured.internal.ResponseSpecificationImpl.this$2$validateResponseIfRequired(ResponseSpecificationImpl.groovy)
	at java.base/jdk.internal.reflect.NativeMethodAccessorImpl.invoke0(Native Method)
	at java.base/jdk.internal.reflect.NativeMethodAccessorImpl.invoke(NativeMethodAccessorImpl.java:77)
	at java.base/jdk.internal.reflect.DelegatingMethodAccessorImpl.invoke(DelegatingMethodAccessorImpl.java:43)
	at java.base/java.lang.reflect.Method.invoke(Method.java:568)
	at org.codehaus.groovy.runtime.callsite.PlainObjectMetaMethodSite.doInvoke(PlainObjectMetaMethodSite.java:43)
	at org.codehaus.groovy.runtime.callsite.PogoMetaMethodSite$PogoCachedMethodSiteNoUnwrapNoCoerce.invoke(PogoMetaMethodSite.java:198)
	at org.codehaus.groovy.runtime.callsite.PogoMetaMethodSite.callCurrent(PogoMetaMethodSite.java:62)
	at org.codehaus.groovy.runtime.callsite.AbstractCallSite.callCurrent(AbstractCallSite.java:185)
	at io.restassured.internal.ResponseSpecificationImpl.statusCode(ResponseSpecificationImpl.groovy:135)
	at io.restassured.specification.ResponseSpecification$statusCode$0.callCurrent(Unknown Source)
	at io.restassured.internal.ResponseSpecificationImpl.statusCode(ResponseSpecificationImpl.groovy:143)
	at io.restassured.internal.ValidatableResponseOptionsImpl.statusCode(ValidatableResponseOptionsImpl.java:89)
	at org.example.stepdeffs.CreateUserStepDefinitions.I_will_receive_404_status_code(CreateUserStepDefinitions.java:75)
	at ✽.I will receive 404 status code(file:///D:/GitRepoJava/aqa-pet/hw23/src/test/resources/features/create_user.feature:18)
]]></failure>
    <system-out><![CDATA[
Scenario Outline: Negative Test                                                           &amp#27;[90m# src/test/resources/features/create_user.feature:23&amp#27;[0m
  &amp#27;[32mGiven &amp#27;[0m&amp#27;[32mrequest specification configured with &amp#27;[0m&amp#27;[32m&amp#27;[1m'https://reqres.in/'&amp#27;[0m&amp#27;[32m URI&amp#27;[0m                    &amp#27;[90m# org.example.stepdeffs.CreateUserStepDefinitions.request_specification_configured(java.lang.String)&amp#27;[0m
Request method:	POST
Request URI:	https://reqres.in/api/us
Proxy:			<none>
Request params:	<none>
Query params:	<none>
Form params:	<none>
Path params:	<none>
Headers:		Accept=*/*
				Content-Type=application/json
Cookies:		<none>
Multiparts:		<none>
Body:
{
    "name": "UserName2",
    "job": "UserJob2"
}
HTTP/1.1 201 Created
Date: Sat, 06 Apr 2024 17:36:00 GMT
Content-Type: application/json; charset=utf-8
Content-Length: 87
Connection: keep-alive
Report-To: {"group":"heroku-nel","max_age":3600,"endpoints":[{"url":"https://nel.heroku.com/reports?ts=1712424960&sid=c4c9725f-1ab0-44d8-820f-430df2718e11&s=%2FwLGrIgWML068VniJCFvppqhp7%2F7dgt8Oj7zR8x%2BXks%3D"}]}
Reporting-Endpoints: heroku-nel=https://nel.heroku.com/reports?ts=1712424960&sid=c4c9725f-1ab0-44d8-820f-430df2718e11&s=%2FwLGrIgWML068VniJCFvppqhp7%2F7dgt8Oj7zR8x%2BXks%3D
Nel: {"report_to":"heroku-nel","max_age":3600,"success_fraction":0.005,"failure_fraction":0.05,"response_headers":["Via"]}
X-Powered-By: Express
Access-Control-Allow-Origin: *
Etag: W/"57-LPN/LGnIa2MuaQ90u2Hz5iHmUbA"
Via: 1.1 vegur
CF-Cache-Status: DYNAMIC
Server: cloudflare
CF-RAY: 870389a1e8c1c25e-VIE

{
    "name": "UserName2",
    "job": "UserJob2",
    "id": "377",
    "createdAt": "2024-04-06T17:36:00.392Z"
}
  &amp#27;[32mWhen &amp#27;[0m&amp#27;[32mI send a POST request with &amp#27;[0m&amp#27;[32m&amp#27;[1mUserName2&amp#27;[0m&amp#27;[32m name, &amp#27;[0m&amp#27;[32m&amp#27;[1mUserJob2&amp#27;[0m&amp#27;[32m job and  &amp#27;[0m&amp#27;[32m&amp#27;[1mapi/us&amp#27;[0m&amp#27;[32m wrong endpoint&amp#27;[0m &amp#27;[90m# org.example.stepdeffs.CreateUserStepDefinitions.i_send_a_post_request_with_wrong_endpoint(java.lang.String,java.lang.String,java.lang.String)&amp#27;[0m
  &amp#27;[31mThen &amp#27;[0m&amp#27;[31mI will receive 404 status code&amp#27;[0m                                                     &amp#27;[90m# org.example.stepdeffs.CreateUserStepDefinitions.I_will_receive_404_status_code()&amp#27;[0m
      &amp#27;[31mjava.lang.AssertionError: 1 expectation failed.
Expected status code <404> but was <201>.

	at java.base/jdk.internal.reflect.NativeConstructorAccessorImpl.newInstance0(Native Method)
	at java.base/jdk.internal.reflect.NativeConstructorAccessorImpl.newInstance(NativeConstructorAccessorImpl.java:77)
	at java.base/jdk.internal.reflect.DelegatingConstructorAccessorImpl.newInstance(DelegatingConstructorAccessorImpl.java:45)
	at java.base/java.lang.reflect.Constructor.newInstanceWithCaller(Constructor.java:499)
	at java.base/java.lang.reflect.Constructor.newInstance(Constructor.java:480)
	at org.codehaus.groovy.reflection.CachedConstructor.invoke(CachedConstructor.java:73)
	at org.codehaus.groovy.runtime.callsite.ConstructorSite$ConstructorSiteNoUnwrapNoCoerce.callConstructor(ConstructorSite.java:108)
	at org.codehaus.groovy.runtime.callsite.AbstractCallSite.callConstructor(AbstractCallSite.java:277)
	at io.restassured.internal.ResponseSpecificationImpl$HamcrestAssertionClosure.validate(ResponseSpecificationImpl.groovy:512)
	at io.restassured.internal.ResponseSpecificationImpl$HamcrestAssertionClosure$validate$1.call(Unknown Source)
	at io.restassured.internal.ResponseSpecificationImpl.validateResponseIfRequired(ResponseSpecificationImpl.groovy:696)
	at io.restassured.internal.ResponseSpecificationImpl.this$2$validateResponseIfRequired(ResponseSpecificationImpl.groovy)
	at java.base/jdk.internal.reflect.NativeMethodAccessorImpl.invoke0(Native Method)
	at java.base/jdk.internal.reflect.NativeMethodAccessorImpl.invoke(NativeMethodAccessorImpl.java:77)
	at java.base/jdk.internal.reflect.DelegatingMethodAccessorImpl.invoke(DelegatingMethodAccessorImpl.java:43)
	at java.base/java.lang.reflect.Method.invoke(Method.java:568)
	at org.codehaus.groovy.runtime.callsite.PlainObjectMetaMethodSite.doInvoke(PlainObjectMetaMethodSite.java:43)
	at org.codehaus.groovy.runtime.callsite.PogoMetaMethodSite$PogoCachedMethodSiteNoUnwrapNoCoerce.invoke(PogoMetaMethodSite.java:198)
	at org.codehaus.groovy.runtime.callsite.PogoMetaMethodSite.callCurrent(PogoMetaMethodSite.java:62)
	at org.codehaus.groovy.runtime.callsite.AbstractCallSite.callCurrent(AbstractCallSite.java:185)
	at io.restassured.internal.ResponseSpecificationImpl.statusCode(ResponseSpecificationImpl.groovy:135)
	at io.restassured.specification.ResponseSpecification$statusCode$0.callCurrent(Unknown Source)
	at io.restassured.internal.ResponseSpecificationImpl.statusCode(ResponseSpecificationImpl.groovy:143)
	at io.restassured.internal.ValidatableResponseOptionsImpl.statusCode(ValidatableResponseOptionsImpl.java:89)
	at org.example.stepdeffs.CreateUserStepDefinitions.I_will_receive_404_status_code(CreateUserStepDefinitions.java:75)
	at вњЅ.I will receive 404 status code(file:///D:/GitRepoJava/aqa-pet/hw23/src/test/resources/features/create_user.feature:18)
&amp#27;[0m
]]></system-out>
  </testcase>
  <testcase name="runScenario[&quot;Negative Test&quot;, &quot;Create User&quot;](5)" classname="org.example.runner.RunnerTest" time="0.236">
    <failure message="1 expectation failed.&#10;Expected status code &lt;404&gt; but was &lt;201&gt;.&#10;" type="java.lang.AssertionError"><![CDATA[java.lang.AssertionError: 
1 expectation failed.
Expected status code <404> but was <201>.

	at java.base/jdk.internal.reflect.NativeConstructorAccessorImpl.newInstance0(Native Method)
	at java.base/jdk.internal.reflect.NativeConstructorAccessorImpl.newInstance(NativeConstructorAccessorImpl.java:77)
	at java.base/jdk.internal.reflect.DelegatingConstructorAccessorImpl.newInstance(DelegatingConstructorAccessorImpl.java:45)
	at java.base/java.lang.reflect.Constructor.newInstanceWithCaller(Constructor.java:499)
	at java.base/java.lang.reflect.Constructor.newInstance(Constructor.java:480)
	at org.codehaus.groovy.reflection.CachedConstructor.invoke(CachedConstructor.java:73)
	at org.codehaus.groovy.runtime.callsite.ConstructorSite$ConstructorSiteNoUnwrapNoCoerce.callConstructor(ConstructorSite.java:108)
	at org.codehaus.groovy.runtime.callsite.AbstractCallSite.callConstructor(AbstractCallSite.java:277)
	at io.restassured.internal.ResponseSpecificationImpl$HamcrestAssertionClosure.validate(ResponseSpecificationImpl.groovy:512)
	at io.restassured.internal.ResponseSpecificationImpl$HamcrestAssertionClosure$validate$1.call(Unknown Source)
	at io.restassured.internal.ResponseSpecificationImpl.validateResponseIfRequired(ResponseSpecificationImpl.groovy:696)
	at io.restassured.internal.ResponseSpecificationImpl.this$2$validateResponseIfRequired(ResponseSpecificationImpl.groovy)
	at java.base/jdk.internal.reflect.NativeMethodAccessorImpl.invoke0(Native Method)
	at java.base/jdk.internal.reflect.NativeMethodAccessorImpl.invoke(NativeMethodAccessorImpl.java:77)
	at java.base/jdk.internal.reflect.DelegatingMethodAccessorImpl.invoke(DelegatingMethodAccessorImpl.java:43)
	at java.base/java.lang.reflect.Method.invoke(Method.java:568)
	at org.codehaus.groovy.runtime.callsite.PlainObjectMetaMethodSite.doInvoke(PlainObjectMetaMethodSite.java:43)
	at org.codehaus.groovy.runtime.callsite.PogoMetaMethodSite$PogoCachedMethodSiteNoUnwrapNoCoerce.invoke(PogoMetaMethodSite.java:198)
	at org.codehaus.groovy.runtime.callsite.PogoMetaMethodSite.callCurrent(PogoMetaMethodSite.java:62)
	at org.codehaus.groovy.runtime.callsite.AbstractCallSite.callCurrent(AbstractCallSite.java:185)
	at io.restassured.internal.ResponseSpecificationImpl.statusCode(ResponseSpecificationImpl.groovy:135)
	at io.restassured.specification.ResponseSpecification$statusCode$0.callCurrent(Unknown Source)
	at io.restassured.internal.ResponseSpecificationImpl.statusCode(ResponseSpecificationImpl.groovy:143)
	at io.restassured.internal.ValidatableResponseOptionsImpl.statusCode(ValidatableResponseOptionsImpl.java:89)
	at org.example.stepdeffs.CreateUserStepDefinitions.I_will_receive_404_status_code(CreateUserStepDefinitions.java:75)
	at ✽.I will receive 404 status code(file:///D:/GitRepoJava/aqa-pet/hw23/src/test/resources/features/create_user.feature:18)
]]></failure>
    <system-out><![CDATA[
Scenario Outline: Negative Test                                                              &amp#27;[90m# src/test/resources/features/create_user.feature:24&amp#27;[0m
  &amp#27;[32mGiven &amp#27;[0m&amp#27;[32mrequest specification configured with &amp#27;[0m&amp#27;[32m&amp#27;[1m'https://reqres.in/'&amp#27;[0m&amp#27;[32m URI&amp#27;[0m                       &amp#27;[90m# org.example.stepdeffs.CreateUserStepDefinitions.request_specification_configured(java.lang.String)&amp#27;[0m
Request method:	POST
Request URI:	https://reqres.in/api/us%25%23*
Proxy:			<none>
Request params:	<none>
Query params:	<none>
Form params:	<none>
Path params:	<none>
Headers:		Accept=*/*
				Content-Type=application/json
Cookies:		<none>
Multiparts:		<none>
Body:
{
    "name": "UserName3",
    "job": "UserJob3"
}
HTTP/1.1 201 Created
Date: Sat, 06 Apr 2024 17:36:00 GMT
Content-Type: application/json; charset=utf-8
Content-Length: 87
Connection: keep-alive
Report-To: {"group":"heroku-nel","max_age":3600,"endpoints":[{"url":"https://nel.heroku.com/reports?ts=1712424960&sid=c4c9725f-1ab0-44d8-820f-430df2718e11&s=%2FwLGrIgWML068VniJCFvppqhp7%2F7dgt8Oj7zR8x%2BXks%3D"}]}
Reporting-Endpoints: heroku-nel=https://nel.heroku.com/reports?ts=1712424960&sid=c4c9725f-1ab0-44d8-820f-430df2718e11&s=%2FwLGrIgWML068VniJCFvppqhp7%2F7dgt8Oj7zR8x%2BXks%3D
Nel: {"report_to":"heroku-nel","max_age":3600,"success_fraction":0.005,"failure_fraction":0.05,"response_headers":["Via"]}
X-Powered-By: Express
Access-Control-Allow-Origin: *
Etag: W/"57-ICJivvjy+/DSl11l+zfmCN+2/Rc"
Via: 1.1 vegur
CF-Cache-Status: DYNAMIC
Server: cloudflare
CF-RAY: 870389a3abee5abd-VIE

{
    "name": "UserName3",
    "job": "UserJob3",
    "id": "196",
    "createdAt": "2024-04-06T17:36:00.657Z"
}
  &amp#27;[32mWhen &amp#27;[0m&amp#27;[32mI send a POST request with &amp#27;[0m&amp#27;[32m&amp#27;[1mUserName3&amp#27;[0m&amp#27;[32m name, &amp#27;[0m&amp#27;[32m&amp#27;[1mUserJob3&amp#27;[0m&amp#27;[32m job and  &amp#27;[0m&amp#27;[32m&amp#27;[1mapi/us%#*&amp#27;[0m&amp#27;[32m wrong endpoint&amp#27;[0m &amp#27;[90m# org.example.stepdeffs.CreateUserStepDefinitions.i_send_a_post_request_with_wrong_endpoint(java.lang.String,java.lang.String,java.lang.String)&amp#27;[0m
  &amp#27;[31mThen &amp#27;[0m&amp#27;[31mI will receive 404 status code&amp#27;[0m                                                        &amp#27;[90m# org.example.stepdeffs.CreateUserStepDefinitions.I_will_receive_404_status_code()&amp#27;[0m
      &amp#27;[31mjava.lang.AssertionError: 1 expectation failed.
Expected status code <404> but was <201>.

	at java.base/jdk.internal.reflect.NativeConstructorAccessorImpl.newInstance0(Native Method)
	at java.base/jdk.internal.reflect.NativeConstructorAccessorImpl.newInstance(NativeConstructorAccessorImpl.java:77)
	at java.base/jdk.internal.reflect.DelegatingConstructorAccessorImpl.newInstance(DelegatingConstructorAccessorImpl.java:45)
	at java.base/java.lang.reflect.Constructor.newInstanceWithCaller(Constructor.java:499)
	at java.base/java.lang.reflect.Constructor.newInstance(Constructor.java:480)
	at org.codehaus.groovy.reflection.CachedConstructor.invoke(CachedConstructor.java:73)
	at org.codehaus.groovy.runtime.callsite.ConstructorSite$ConstructorSiteNoUnwrapNoCoerce.callConstructor(ConstructorSite.java:108)
	at org.codehaus.groovy.runtime.callsite.AbstractCallSite.callConstructor(AbstractCallSite.java:277)
	at io.restassured.internal.ResponseSpecificationImpl$HamcrestAssertionClosure.validate(ResponseSpecificationImpl.groovy:512)
	at io.restassured.internal.ResponseSpecificationImpl$HamcrestAssertionClosure$validate$1.call(Unknown Source)
	at io.restassured.internal.ResponseSpecificationImpl.validateResponseIfRequired(ResponseSpecificationImpl.groovy:696)
	at io.restassured.internal.ResponseSpecificationImpl.this$2$validateResponseIfRequired(ResponseSpecificationImpl.groovy)
	at java.base/jdk.internal.reflect.NativeMethodAccessorImpl.invoke0(Native Method)
	at java.base/jdk.internal.reflect.NativeMethodAccessorImpl.invoke(NativeMethodAccessorImpl.java:77)
	at java.base/jdk.internal.reflect.DelegatingMethodAccessorImpl.invoke(DelegatingMethodAccessorImpl.java:43)
	at java.base/java.lang.reflect.Method.invoke(Method.java:568)
	at org.codehaus.groovy.runtime.callsite.PlainObjectMetaMethodSite.doInvoke(PlainObjectMetaMethodSite.java:43)
	at org.codehaus.groovy.runtime.callsite.PogoMetaMethodSite$PogoCachedMethodSiteNoUnwrapNoCoerce.invoke(PogoMetaMethodSite.java:198)
	at org.codehaus.groovy.runtime.callsite.PogoMetaMethodSite.callCurrent(PogoMetaMethodSite.java:62)
	at org.codehaus.groovy.runtime.callsite.AbstractCallSite.callCurrent(AbstractCallSite.java:185)
	at io.restassured.internal.ResponseSpecificationImpl.statusCode(ResponseSpecificationImpl.groovy:135)
	at io.restassured.specification.ResponseSpecification$statusCode$0.callCurrent(Unknown Source)
	at io.restassured.internal.ResponseSpecificationImpl.statusCode(ResponseSpecificationImpl.groovy:143)
	at io.restassured.internal.ValidatableResponseOptionsImpl.statusCode(ValidatableResponseOptionsImpl.java:89)
	at org.example.stepdeffs.CreateUserStepDefinitions.I_will_receive_404_status_code(CreateUserStepDefinitions.java:75)
	at вњЅ.I will receive 404 status code(file:///D:/GitRepoJava/aqa-pet/hw23/src/test/resources/features/create_user.feature:18)
&amp#27;[0m
]]></system-out>
  </testcase>
  <testcase name="runScenario[&quot;Negative Test&quot;, &quot;Create User&quot;](6)" classname="org.example.runner.RunnerTest" time="0.227">
    <failure message="1 expectation failed.&#10;Expected status code &lt;404&gt; but was &lt;201&gt;.&#10;" type="java.lang.AssertionError"><![CDATA[java.lang.AssertionError: 
1 expectation failed.
Expected status code <404> but was <201>.

	at java.base/jdk.internal.reflect.NativeConstructorAccessorImpl.newInstance0(Native Method)
	at java.base/jdk.internal.reflect.NativeConstructorAccessorImpl.newInstance(NativeConstructorAccessorImpl.java:77)
	at java.base/jdk.internal.reflect.DelegatingConstructorAccessorImpl.newInstance(DelegatingConstructorAccessorImpl.java:45)
	at java.base/java.lang.reflect.Constructor.newInstanceWithCaller(Constructor.java:499)
	at java.base/java.lang.reflect.Constructor.newInstance(Constructor.java:480)
	at org.codehaus.groovy.reflection.CachedConstructor.invoke(CachedConstructor.java:73)
	at org.codehaus.groovy.runtime.callsite.ConstructorSite$ConstructorSiteNoUnwrapNoCoerce.callConstructor(ConstructorSite.java:108)
	at org.codehaus.groovy.runtime.callsite.AbstractCallSite.callConstructor(AbstractCallSite.java:277)
	at io.restassured.internal.ResponseSpecificationImpl$HamcrestAssertionClosure.validate(ResponseSpecificationImpl.groovy:512)
	at io.restassured.internal.ResponseSpecificationImpl$HamcrestAssertionClosure$validate$1.call(Unknown Source)
	at io.restassured.internal.ResponseSpecificationImpl.validateResponseIfRequired(ResponseSpecificationImpl.groovy:696)
	at io.restassured.internal.ResponseSpecificationImpl.this$2$validateResponseIfRequired(ResponseSpecificationImpl.groovy)
	at java.base/jdk.internal.reflect.NativeMethodAccessorImpl.invoke0(Native Method)
	at java.base/jdk.internal.reflect.NativeMethodAccessorImpl.invoke(NativeMethodAccessorImpl.java:77)
	at java.base/jdk.internal.reflect.DelegatingMethodAccessorImpl.invoke(DelegatingMethodAccessorImpl.java:43)
	at java.base/java.lang.reflect.Method.invoke(Method.java:568)
	at org.codehaus.groovy.runtime.callsite.PlainObjectMetaMethodSite.doInvoke(PlainObjectMetaMethodSite.java:43)
	at org.codehaus.groovy.runtime.callsite.PogoMetaMethodSite$PogoCachedMethodSiteNoUnwrapNoCoerce.invoke(PogoMetaMethodSite.java:198)
	at org.codehaus.groovy.runtime.callsite.PogoMetaMethodSite.callCurrent(PogoMetaMethodSite.java:62)
	at org.codehaus.groovy.runtime.callsite.AbstractCallSite.callCurrent(AbstractCallSite.java:185)
	at io.restassured.internal.ResponseSpecificationImpl.statusCode(ResponseSpecificationImpl.groovy:135)
	at io.restassured.specification.ResponseSpecification$statusCode$0.callCurrent(Unknown Source)
	at io.restassured.internal.ResponseSpecificationImpl.statusCode(ResponseSpecificationImpl.groovy:143)
	at io.restassured.internal.ValidatableResponseOptionsImpl.statusCode(ValidatableResponseOptionsImpl.java:89)
	at org.example.stepdeffs.CreateUserStepDefinitions.I_will_receive_404_status_code(CreateUserStepDefinitions.java:75)
	at ✽.I will receive 404 status code(file:///D:/GitRepoJava/aqa-pet/hw23/src/test/resources/features/create_user.feature:18)
]]></failure>
    <system-out><![CDATA[
Scenario Outline: Negative Test                                                          &amp#27;[90m# src/test/resources/features/create_user.feature:25&amp#27;[0m
  &amp#27;[32mGiven &amp#27;[0m&amp#27;[32mrequest specification configured with &amp#27;[0m&amp#27;[32m&amp#27;[1m'https://reqres.in/'&amp#27;[0m&amp#27;[32m URI&amp#27;[0m                   &amp#27;[90m# org.example.stepdeffs.CreateUserStepDefinitions.request_specification_configured(java.lang.String)&amp#27;[0m
Request method:	POST
Request URI:	https://reqres.in/api/*
Proxy:			<none>
Request params:	<none>
Query params:	<none>
Form params:	<none>
Path params:	<none>
Headers:		Accept=*/*
				Content-Type=application/json
Cookies:		<none>
Multiparts:		<none>
Body:
{
    "name": "UserName4",
    "job": "UserJob4"
}
HTTP/1.1 201 Created
Date: Sat, 06 Apr 2024 17:36:00 GMT
Content-Type: application/json; charset=utf-8
Content-Length: 87
Connection: keep-alive
Report-To: {"group":"heroku-nel","max_age":3600,"endpoints":[{"url":"https://nel.heroku.com/reports?ts=1712424960&sid=c4c9725f-1ab0-44d8-820f-430df2718e11&s=%2FwLGrIgWML068VniJCFvppqhp7%2F7dgt8Oj7zR8x%2BXks%3D"}]}
Reporting-Endpoints: heroku-nel=https://nel.heroku.com/reports?ts=1712424960&sid=c4c9725f-1ab0-44d8-820f-430df2718e11&s=%2FwLGrIgWML068VniJCFvppqhp7%2F7dgt8Oj7zR8x%2BXks%3D
Nel: {"report_to":"heroku-nel","max_age":3600,"success_fraction":0.005,"failure_fraction":0.05,"response_headers":["Via"]}
X-Powered-By: Express
Access-Control-Allow-Origin: *
Etag: W/"57-MEtiVjqKHqFrzq/24I5/j6/pL4s"
Via: 1.1 vegur
CF-Cache-Status: DYNAMIC
Server: cloudflare
CF-RAY: 870389a53bdfc251-VIE

{
    "name": "UserName4",
    "job": "UserJob4",
    "id": "667",
    "createdAt": "2024-04-06T17:36:00.906Z"
}
  &amp#27;[32mWhen &amp#27;[0m&amp#27;[32mI send a POST request with &amp#27;[0m&amp#27;[32m&amp#27;[1mUserName4&amp#27;[0m&amp#27;[32m name, &amp#27;[0m&amp#27;[32m&amp#27;[1mUserJob4&amp#27;[0m&amp#27;[32m job and  &amp#27;[0m&amp#27;[32m&amp#27;[1mapi/*&amp#27;[0m&amp#27;[32m wrong endpoint&amp#27;[0m &amp#27;[90m# org.example.stepdeffs.CreateUserStepDefinitions.i_send_a_post_request_with_wrong_endpoint(java.lang.String,java.lang.String,java.lang.String)&amp#27;[0m
  &amp#27;[31mThen &amp#27;[0m&amp#27;[31mI will receive 404 status code&amp#27;[0m                                                    &amp#27;[90m# org.example.stepdeffs.CreateUserStepDefinitions.I_will_receive_404_status_code()&amp#27;[0m
      &amp#27;[31mjava.lang.AssertionError: 1 expectation failed.
Expected status code <404> but was <201>.

	at java.base/jdk.internal.reflect.NativeConstructorAccessorImpl.newInstance0(Native Method)
	at java.base/jdk.internal.reflect.NativeConstructorAccessorImpl.newInstance(NativeConstructorAccessorImpl.java:77)
	at java.base/jdk.internal.reflect.DelegatingConstructorAccessorImpl.newInstance(DelegatingConstructorAccessorImpl.java:45)
	at java.base/java.lang.reflect.Constructor.newInstanceWithCaller(Constructor.java:499)
	at java.base/java.lang.reflect.Constructor.newInstance(Constructor.java:480)
	at org.codehaus.groovy.reflection.CachedConstructor.invoke(CachedConstructor.java:73)
	at org.codehaus.groovy.runtime.callsite.ConstructorSite$ConstructorSiteNoUnwrapNoCoerce.callConstructor(ConstructorSite.java:108)
	at org.codehaus.groovy.runtime.callsite.AbstractCallSite.callConstructor(AbstractCallSite.java:277)
	at io.restassured.internal.ResponseSpecificationImpl$HamcrestAssertionClosure.validate(ResponseSpecificationImpl.groovy:512)
	at io.restassured.internal.ResponseSpecificationImpl$HamcrestAssertionClosure$validate$1.call(Unknown Source)
	at io.restassured.internal.ResponseSpecificationImpl.validateResponseIfRequired(ResponseSpecificationImpl.groovy:696)
	at io.restassured.internal.ResponseSpecificationImpl.this$2$validateResponseIfRequired(ResponseSpecificationImpl.groovy)
	at java.base/jdk.internal.reflect.NativeMethodAccessorImpl.invoke0(Native Method)
	at java.base/jdk.internal.reflect.NativeMethodAccessorImpl.invoke(NativeMethodAccessorImpl.java:77)
	at java.base/jdk.internal.reflect.DelegatingMethodAccessorImpl.invoke(DelegatingMethodAccessorImpl.java:43)
	at java.base/java.lang.reflect.Method.invoke(Method.java:568)
	at org.codehaus.groovy.runtime.callsite.PlainObjectMetaMethodSite.doInvoke(PlainObjectMetaMethodSite.java:43)
	at org.codehaus.groovy.runtime.callsite.PogoMetaMethodSite$PogoCachedMethodSiteNoUnwrapNoCoerce.invoke(PogoMetaMethodSite.java:198)
	at org.codehaus.groovy.runtime.callsite.PogoMetaMethodSite.callCurrent(PogoMetaMethodSite.java:62)
	at org.codehaus.groovy.runtime.callsite.AbstractCallSite.callCurrent(AbstractCallSite.java:185)
	at io.restassured.internal.ResponseSpecificationImpl.statusCode(ResponseSpecificationImpl.groovy:135)
	at io.restassured.specification.ResponseSpecification$statusCode$0.callCurrent(Unknown Source)
	at io.restassured.internal.ResponseSpecificationImpl.statusCode(ResponseSpecificationImpl.groovy:143)
	at io.restassured.internal.ValidatableResponseOptionsImpl.statusCode(ValidatableResponseOptionsImpl.java:89)
	at org.example.stepdeffs.CreateUserStepDefinitions.I_will_receive_404_status_code(CreateUserStepDefinitions.java:75)
	at вњЅ.I will receive 404 status code(file:///D:/GitRepoJava/aqa-pet/hw23/src/test/resources/features/create_user.feature:18)
&amp#27;[0m
]]></system-out>
  </testcase>
</testsuite>