<?xml version="1.0" encoding="UTF-8"?>
<testng-results ignored="0" total="2" passed="2" failed="0" skipped="0">
  <reporter-output>
  </reporter-output>
  <suite started-at="2024-04-21T14:20:46 EEST" name="Surefire suite" finished-at="2024-04-21T14:21:02 EEST" duration-ms="16303">
    <groups>
    </groups>
    <test started-at="2024-04-21T14:20:46 EEST" name="Surefire test" finished-at="2024-04-21T14:21:02 EEST" duration-ms="16303">
      <class name="org.example.tests.SeleniumLoginTest">
        <test-method is-config="true" signature="setUp()[pri:0, instance:org.example.tests.SeleniumLoginTest@2145433b]" started-at="2024-04-21T14:20:46 EEST" name="setUp" finished-at="2024-04-21T14:20:53 EEST" duration-ms="7169" status="PASS">
          <reporter-output>
          </reporter-output>
        </test-method> <!-- setUp -->
        <test-method signature="testCorrectLogin()[pri:0, instance:org.example.tests.SeleniumLoginTest@2145433b]" started-at="2024-04-21T14:20:53 EEST" name="testCorrectLogin" description="positive test for Login" finished-at="2024-04-21T14:20:56 EEST" duration-ms="3130" status="PASS">
          <reporter-output>
          </reporter-output>
        </test-method> <!-- testCorrectLogin -->
        <test-method is-config="true" signature="tearDown()[pri:0, instance:org.example.tests.SeleniumLoginTest@2145433b]" started-at="2024-04-21T14:20:56 EEST" name="tearDown" finished-at="2024-04-21T14:20:57 EEST" duration-ms="738" status="PASS">
          <reporter-output>
          </reporter-output>
        </test-method> <!-- tearDown -->
        <test-method is-config="true" signature="setUp()[pri:0, instance:org.example.tests.SeleniumLoginTest@2145433b]" started-at="2024-04-21T14:20:57 EEST" name="setUp" finished-at="2024-04-21T14:20:59 EEST" duration-ms="1915" status="PASS">
          <reporter-output>
          </reporter-output>
        </test-method> <!-- setUp -->
        <test-method signature="testIncorrectPassword()[pri:0, instance:org.example.tests.SeleniumLoginTest@2145433b]" started-at="2024-04-21T14:20:59 EEST" name="testIncorrectPassword" description="negative test for Login" finished-at="2024-04-21T14:21:02 EEST" duration-ms="3013" status="PASS">
          <reporter-output>
          </reporter-output>
        </test-method> <!-- testIncorrectPassword -->
        <test-method is-config="true" signature="tearDown()[pri:0, instance:org.example.tests.SeleniumLoginTest@2145433b]" started-at="2024-04-21T14:21:02 EEST" name="tearDown" finished-at="2024-04-21T14:21:02 EEST" duration-ms="294" status="PASS">
          <reporter-output>
          </reporter-output>
        </test-method> <!-- tearDown -->
      </class> <!-- org.example.tests.SeleniumLoginTest -->
    </test> <!-- Surefire test -->
  </suite> <!-- Surefire suite -->
</testng-results>
