<?xml version="1.0" encoding="UTF-8"?>
<testsuite xmlns:xsi="http://www.w3.org/2001/XMLSchema-instance" xsi:noNamespaceSchemaLocation="https://maven.apache.org/surefire/maven-surefire-plugin/xsd/surefire-test-report-3.0.xsd" version="3.0" name="TestSuite" time="1.04" tests="13" errors="0" skipped="0" failures="7">
  <properties>
[...]
</properties>
  <testcase name="testCheckIfUsersHaveLastNameStartingWithSOrA_Parametrized[[User{firstName=&apos;John&apos;, secondName=&apos;Doe&apos;, age=25}, User{firstName=&apos;James&apos;, secondName=&apos;Smith&apos;, age=5}, User{firstName=&apos;Alexander&apos;, secondName=&apos;Johnson&apos;, age=15}, User{firstName=&apos;Christopher&apos;, secondName=&apos;Brown&apos;, age=18}, User{firstName=&apos;Michael&apos;, secondName=&apos;Taylor&apos;, age=17}, User{firstName=&apos;Alice&apos;, secondName=&apos;Smith&apos;, age=30}, User{firstName=&apos;Emily&apos;, secondName=&apos;Johnson&apos;, age=3}, User{firstName=&apos;Sophia&apos;, secondName=&apos;Martinez&apos;, age=13}, User{firstName=&apos;Olivia&apos;, secondName=&apos;Clark&apos;, age=23}, User{firstName=&apos;Ava&apos;, secondName=&apos;Rodriguez&apos;, age=39}], false](1)" classname="org.tests.ParametrizedTest" time="0.062">
    <failure message="expected [false] but found [true]" type="java.lang.AssertionError"><![CDATA[java.lang.AssertionError: expected [false] but found [true]
	at org.testng.Assert.fail(Assert.java:99)
	at org.testng.Assert.failNotEquals(Assert.java:1037)
	at org.testng.Assert.assertEqualsImpl(Assert.java:140)
	at org.testng.Assert.assertEquals(Assert.java:122)
	at org.testng.Assert.assertEquals(Assert.java:819)
	at org.testng.Assert.assertEquals(Assert.java:829)
	at org.tests.ParametrizedTest.testCheckIfUsersHaveLastNameStartingWithSOrA_Parametrized(ParametrizedTest.java:24)
	at java.base/jdk.internal.reflect.NativeMethodAccessorImpl.invoke0(Native Method)
	at java.base/jdk.internal.reflect.NativeMethodAccessorImpl.invoke(NativeMethodAccessorImpl.java:77)
	at java.base/jdk.internal.reflect.DelegatingMethodAccessorImpl.invoke(DelegatingMethodAccessorImpl.java:43)
	at java.base/java.lang.reflect.Method.invoke(Method.java:568)
	at org.testng.internal.MethodInvocationHelper.invokeMethod(MethodInvocationHelper.java:133)
	at org.testng.internal.TestInvoker.invokeMethod(TestInvoker.java:598)
	at org.testng.internal.TestInvoker.invokeTestMethod(TestInvoker.java:173)
	at org.testng.internal.MethodRunner.runInSequence(MethodRunner.java:46)
	at org.testng.internal.TestInvoker$MethodInvocationAgent.invoke(TestInvoker.java:824)
	at org.testng.internal.TestInvoker.invokeTestMethods(TestInvoker.java:146)
	at org.testng.internal.TestMethodWorker.invokeTestMethods(TestMethodWorker.java:146)
	at org.testng.internal.TestMethodWorker.run(TestMethodWorker.java:128)
	at java.base/java.util.ArrayList.forEach(ArrayList.java:1511)
	at org.testng.TestRunner.privateRun(TestRunner.java:794)
	at org.testng.TestRunner.run(TestRunner.java:596)
	at org.testng.SuiteRunner.runTest(SuiteRunner.java:377)
	at org.testng.SuiteRunner.runSequentially(SuiteRunner.java:371)
	at org.testng.SuiteRunner.privateRun(SuiteRunner.java:332)
	at org.testng.SuiteRunner.run(SuiteRunner.java:276)
	at org.testng.SuiteRunnerWorker.runSuite(SuiteRunnerWorker.java:53)
	at org.testng.SuiteRunnerWorker.run(SuiteRunnerWorker.java:96)
	at org.testng.TestNG.runSuitesSequentially(TestNG.java:1212)
	at org.testng.TestNG.runSuitesLocally(TestNG.java:1134)
	at org.testng.TestNG.runSuites(TestNG.java:1063)
	at org.testng.TestNG.run(TestNG.java:1031)
	at org.apache.maven.surefire.testng.TestNGExecutor.run(TestNGExecutor.java:155)
	at org.apache.maven.surefire.testng.TestNGDirectoryTestSuite.executeMulti(TestNGDirectoryTestSuite.java:169)
	at org.apache.maven.surefire.testng.TestNGDirectoryTestSuite.execute(TestNGDirectoryTestSuite.java:88)
	at org.apache.maven.surefire.testng.TestNGProvider.invoke(TestNGProvider.java:137)
	at org.apache.maven.surefire.booter.ForkedBooter.runSuitesInProcess(ForkedBooter.java:385)
	at org.apache.maven.surefire.booter.ForkedBooter.execute(ForkedBooter.java:162)
	at org.apache.maven.surefire.booter.ForkedBooter.run(ForkedBooter.java:507)
	at org.apache.maven.surefire.booter.ForkedBooter.main(ForkedBooter.java:495)
]]></failure>
    <system-err><![CDATA[квіт. 21, 2024 2:21:06 ПП org.tests.BaseTest setUp
INFO: Initializing UserOperationsImpl for testing
квіт. 21, 2024 2:21:06 ПП org.tests.BaseTest beforeEachTest
INFO: Setting up before each test method
квіт. 21, 2024 2:21:06 ПП org.utils.UserOperationsImpl calculateAverageAge
INFO: Average age: 18.8
квіт. 21, 2024 2:21:06 ПП org.utils.UserOperationsImpl checkIfAllUsersAreOver18
INFO: All users are over 18: false
квіт. 21, 2024 2:21:06 ПП org.utils.UserOperationsImpl checkIfUsersHaveLastNameStartingWithSOrA
INFO: Users with last name starting with S or A: true
квіт. 21, 2024 2:21:06 ПП org.utils.UserOperationsImpl sortByAge
INFO: Sorted by age: [User{firstName='Emily', secondName='Johnson', age=3}, User{firstName='James', secondName='Smith', age=5}, User{firstName='Sophia', secondName='Martinez', age=13}, User{firstName='Alexander', secondName='Johnson', age=15}, User{firstName='Michael', secondName='Taylor', age=17}, User{firstName='Christopher', secondName='Brown', age=18}, User{firstName='Olivia', secondName='Clark', age=23}, User{firstName='John', secondName='Doe', age=25}, User{firstName='Alice', secondName='Smith', age=30}, User{firstName='Ava', secondName='Rodriguez', age=39}]
квіт. 21, 2024 2:21:06 ПП org.utils.UserOperationsImpl sortByMultipleProperties
INFO: Sorted by first name and age: [User{firstName='Alexander', secondName='Johnson', age=15}, User{firstName='Alice', secondName='Smith', age=30}, User{firstName='Ava', secondName='Rodriguez', age=39}, User{firstName='Christopher', secondName='Brown', age=18}, User{firstName='Emily', secondName='Johnson', age=3}, User{firstName='James', secondName='Smith', age=5}, User{firstName='John', secondName='Doe', age=25}, User{firstName='Michael', secondName='Taylor', age=17}, User{firstName='Olivia', secondName='Clark', age=23}, User{firstName='Sophia', secondName='Martinez', age=13}]
квіт. 21, 2024 2:21:06 ПП org.utils.UserOperationsImpl checkIfUsersHaveLastNameStartingWithSOrA
INFO: Users with last name starting with S or A: true
]]></system-err>
  </testcase>
  <testcase name="testCheckIfUsersHaveLastNameStartingWithSOrA_Parametrized[[User{firstName=&apos;John&apos;, secondName=&apos;Doe&apos;, age=25}, User{firstName=&apos;James&apos;, secondName=&apos;Smith&apos;, age=5}, User{firstName=&apos;Alexander&apos;, secondName=&apos;Johnson&apos;, age=15}, User{firstName=&apos;Christopher&apos;, secondName=&apos;Brown&apos;, age=18}, User{firstName=&apos;Michael&apos;, secondName=&apos;Taylor&apos;, age=17}, User{firstName=&apos;Alice&apos;, secondName=&apos;Smith&apos;, age=30}, User{firstName=&apos;Emily&apos;, secondName=&apos;Johnson&apos;, age=3}, User{firstName=&apos;Sophia&apos;, secondName=&apos;Martinez&apos;, age=13}, User{firstName=&apos;Olivia&apos;, secondName=&apos;Clark&apos;, age=23}, User{firstName=&apos;Ava&apos;, secondName=&apos;Rodriguez&apos;, age=39}], true](2)" classname="org.tests.ParametrizedTest" time="0.004">
    <system-err><![CDATA[квіт. 21, 2024 2:21:06 ПП org.tests.BaseTest afterEachTest
INFO: Cleaning up after each test method
квіт. 21, 2024 2:21:06 ПП org.tests.BaseTest beforeEachTest
INFO: Setting up before each test method
квіт. 21, 2024 2:21:06 ПП org.utils.UserOperationsImpl calculateAverageAge
INFO: Average age: 18.8
квіт. 21, 2024 2:21:06 ПП org.utils.UserOperationsImpl checkIfAllUsersAreOver18
INFO: All users are over 18: false
квіт. 21, 2024 2:21:06 ПП org.utils.UserOperationsImpl checkIfUsersHaveLastNameStartingWithSOrA
INFO: Users with last name starting with S or A: true
квіт. 21, 2024 2:21:06 ПП org.utils.UserOperationsImpl sortByAge
INFO: Sorted by age: [User{firstName='Emily', secondName='Johnson', age=3}, User{firstName='James', secondName='Smith', age=5}, User{firstName='Sophia', secondName='Martinez', age=13}, User{firstName='Alexander', secondName='Johnson', age=15}, User{firstName='Michael', secondName='Taylor', age=17}, User{firstName='Christopher', secondName='Brown', age=18}, User{firstName='Olivia', secondName='Clark', age=23}, User{firstName='John', secondName='Doe', age=25}, User{firstName='Alice', secondName='Smith', age=30}, User{firstName='Ava', secondName='Rodriguez', age=39}]
квіт. 21, 2024 2:21:06 ПП org.utils.UserOperationsImpl sortByMultipleProperties
INFO: Sorted by first name and age: [User{firstName='Alexander', secondName='Johnson', age=15}, User{firstName='Alice', secondName='Smith', age=30}, User{firstName='Ava', secondName='Rodriguez', age=39}, User{firstName='Christopher', secondName='Brown', age=18}, User{firstName='Emily', secondName='Johnson', age=3}, User{firstName='James', secondName='Smith', age=5}, User{firstName='John', secondName='Doe', age=25}, User{firstName='Michael', secondName='Taylor', age=17}, User{firstName='Olivia', secondName='Clark', age=23}, User{firstName='Sophia', secondName='Martinez', age=13}]
квіт. 21, 2024 2:21:06 ПП org.utils.UserOperationsImpl checkIfUsersHaveLastNameStartingWithSOrA
INFO: Users with last name starting with S or A: true
]]></system-err>
  </testcase>
  <testcase name="testCalculateAverageAge_1" classname="org.tests.UserOperationsImplTest" time="0.005">
    <failure message="Cannot invoke &quot;java.util.List.stream()&quot; because &quot;users&quot; is null" type="java.lang.NullPointerException"><![CDATA[java.lang.NullPointerException: Cannot invoke "java.util.List.stream()" because "users" is null
	at org.utils.UserOperationsImpl.calculateAverageAge(UserOperationsImpl.java:23)
	at org.tests.UserOperationsImplTest.testCalculateAverageAge_1(UserOperationsImplTest.java:53)
	at java.base/jdk.internal.reflect.NativeMethodAccessorImpl.invoke0(Native Method)
	at java.base/jdk.internal.reflect.NativeMethodAccessorImpl.invoke(NativeMethodAccessorImpl.java:77)
	at java.base/jdk.internal.reflect.DelegatingMethodAccessorImpl.invoke(DelegatingMethodAccessorImpl.java:43)
	at java.base/java.lang.reflect.Method.invoke(Method.java:568)
	at org.testng.internal.MethodInvocationHelper.invokeMethod(MethodInvocationHelper.java:133)
	at org.testng.internal.TestInvoker.invokeMethod(TestInvoker.java:598)
	at org.testng.internal.TestInvoker.invokeTestMethod(TestInvoker.java:173)
	at org.testng.internal.MethodRunner.runInSequence(MethodRunner.java:46)
	at org.testng.internal.TestInvoker$MethodInvocationAgent.invoke(TestInvoker.java:824)
	at org.testng.internal.TestInvoker.invokeTestMethods(TestInvoker.java:146)
	at org.testng.internal.TestMethodWorker.invokeTestMethods(TestMethodWorker.java:146)
	at org.testng.internal.TestMethodWorker.run(TestMethodWorker.java:128)
	at java.base/java.util.ArrayList.forEach(ArrayList.java:1511)
	at org.testng.TestRunner.privateRun(TestRunner.java:794)
	at org.testng.TestRunner.run(TestRunner.java:596)
	at org.testng.SuiteRunner.runTest(SuiteRunner.java:377)
	at org.testng.SuiteRunner.runSequentially(SuiteRunner.java:371)
	at org.testng.SuiteRunner.privateRun(SuiteRunner.java:332)
	at org.testng.SuiteRunner.run(SuiteRunner.java:276)
	at org.testng.SuiteRunnerWorker.runSuite(SuiteRunnerWorker.java:53)
	at org.testng.SuiteRunnerWorker.run(SuiteRunnerWorker.java:96)
	at org.testng.TestNG.runSuitesSequentially(TestNG.java:1212)
	at org.testng.TestNG.runSuitesLocally(TestNG.java:1134)
	at org.testng.TestNG.runSuites(TestNG.java:1063)
	at org.testng.TestNG.run(TestNG.java:1031)
	at org.apache.maven.surefire.testng.TestNGExecutor.run(TestNGExecutor.java:155)
	at org.apache.maven.surefire.testng.TestNGDirectoryTestSuite.executeMulti(TestNGDirectoryTestSuite.java:169)
	at org.apache.maven.surefire.testng.TestNGDirectoryTestSuite.execute(TestNGDirectoryTestSuite.java:88)
	at org.apache.maven.surefire.testng.TestNGProvider.invoke(TestNGProvider.java:137)
	at org.apache.maven.surefire.booter.ForkedBooter.runSuitesInProcess(ForkedBooter.java:385)
	at org.apache.maven.surefire.booter.ForkedBooter.execute(ForkedBooter.java:162)
	at org.apache.maven.surefire.booter.ForkedBooter.run(ForkedBooter.java:507)
	at org.apache.maven.surefire.booter.ForkedBooter.main(ForkedBooter.java:495)
]]></failure>
    <system-err><![CDATA[квіт. 21, 2024 2:21:06 ПП org.tests.BaseTest afterEachTest
INFO: Cleaning up after each test method
квіт. 21, 2024 2:21:06 ПП org.tests.BaseTest beforeEachTest
INFO: Setting up before each test method
]]></system-err>
  </testcase>
  <testcase name="testCalculateAverageAge_2" classname="org.tests.UserOperationsImplTest" time="0.0">
    <failure message="Cannot invoke &quot;java.util.List.stream()&quot; because &quot;users&quot; is null" type="java.lang.NullPointerException"><![CDATA[java.lang.NullPointerException: Cannot invoke "java.util.List.stream()" because "users" is null
	at org.utils.UserOperationsImpl.calculateAverageAge(UserOperationsImpl.java:23)
	at org.tests.UserOperationsImplTest.testCalculateAverageAge_2(UserOperationsImplTest.java:60)
	at java.base/jdk.internal.reflect.NativeMethodAccessorImpl.invoke0(Native Method)
	at java.base/jdk.internal.reflect.NativeMethodAccessorImpl.invoke(NativeMethodAccessorImpl.java:77)
	at java.base/jdk.internal.reflect.DelegatingMethodAccessorImpl.invoke(DelegatingMethodAccessorImpl.java:43)
	at java.base/java.lang.reflect.Method.invoke(Method.java:568)
	at org.testng.internal.MethodInvocationHelper.invokeMethod(MethodInvocationHelper.java:133)
	at org.testng.internal.TestInvoker.invokeMethod(TestInvoker.java:598)
	at org.testng.internal.TestInvoker.invokeTestMethod(TestInvoker.java:173)
	at org.testng.internal.MethodRunner.runInSequence(MethodRunner.java:46)
	at org.testng.internal.TestInvoker$MethodInvocationAgent.invoke(TestInvoker.java:824)
	at org.testng.internal.TestInvoker.invokeTestMethods(TestInvoker.java:146)
	at org.testng.internal.TestMethodWorker.invokeTestMethods(TestMethodWorker.java:146)
	at org.testng.internal.TestMethodWorker.run(TestMethodWorker.java:128)
	at java.base/java.util.ArrayList.forEach(ArrayList.java:1511)
	at org.testng.TestRunner.privateRun(TestRunner.java:794)
	at org.testng.TestRunner.run(TestRunner.java:596)
	at org.testng.SuiteRunner.runTest(SuiteRunner.java:377)
	at org.testng.SuiteRunner.runSequentially(SuiteRunner.java:371)
	at org.testng.SuiteRunner.privateRun(SuiteRunner.java:332)
	at org.testng.SuiteRunner.run(SuiteRunner.java:276)
	at org.testng.SuiteRunnerWorker.runSuite(SuiteRunnerWorker.java:53)
	at org.testng.SuiteRunnerWorker.run(SuiteRunnerWorker.java:96)
	at org.testng.TestNG.runSuitesSequentially(TestNG.java:1212)
	at org.testng.TestNG.runSuitesLocally(TestNG.java:1134)
	at org.testng.TestNG.runSuites(TestNG.java:1063)
	at org.testng.TestNG.run(TestNG.java:1031)
	at org.apache.maven.surefire.testng.TestNGExecutor.run(TestNGExecutor.java:155)
	at org.apache.maven.surefire.testng.TestNGDirectoryTestSuite.executeMulti(TestNGDirectoryTestSuite.java:169)
	at org.apache.maven.surefire.testng.TestNGDirectoryTestSuite.execute(TestNGDirectoryTestSuite.java:88)
	at org.apache.maven.surefire.testng.TestNGProvider.invoke(TestNGProvider.java:137)
	at org.apache.maven.surefire.booter.ForkedBooter.runSuitesInProcess(ForkedBooter.java:385)
	at org.apache.maven.surefire.booter.ForkedBooter.execute(ForkedBooter.java:162)
	at org.apache.maven.surefire.booter.ForkedBooter.run(ForkedBooter.java:507)
	at org.apache.maven.surefire.booter.ForkedBooter.main(ForkedBooter.java:495)
]]></failure>
    <system-err><![CDATA[квіт. 21, 2024 2:21:06 ПП org.tests.BaseTest afterEachTest
INFO: Cleaning up after each test method
квіт. 21, 2024 2:21:06 ПП org.tests.BaseTest beforeEachTest
INFO: Setting up before each test method
]]></system-err>
  </testcase>
  <testcase name="testCheckIfUsersHaveLastNameStartingWithSOrA_EmptyList" classname="org.tests.UserOperationsImplTest" time="0.001">
    <failure message="Expected result should be true for null or empty list expected [true] but found [false]" type="java.lang.AssertionError"><![CDATA[java.lang.AssertionError: Expected result should be true for null or empty list expected [true] but found [false]
	at org.testng.Assert.fail(Assert.java:99)
	at org.testng.Assert.failNotEquals(Assert.java:1037)
	at org.testng.Assert.assertTrue(Assert.java:45)
	at org.tests.UserOperationsImplTest.testCheckIfUsersHaveLastNameStartingWithSOrA_EmptyList(UserOperationsImplTest.java:160)
	at java.base/jdk.internal.reflect.NativeMethodAccessorImpl.invoke0(Native Method)
	at java.base/jdk.internal.reflect.NativeMethodAccessorImpl.invoke(NativeMethodAccessorImpl.java:77)
	at java.base/jdk.internal.reflect.DelegatingMethodAccessorImpl.invoke(DelegatingMethodAccessorImpl.java:43)
	at java.base/java.lang.reflect.Method.invoke(Method.java:568)
	at org.testng.internal.MethodInvocationHelper.invokeMethod(MethodInvocationHelper.java:133)
	at org.testng.internal.TestInvoker.invokeMethod(TestInvoker.java:598)
	at org.testng.internal.TestInvoker.invokeTestMethod(TestInvoker.java:173)
	at org.testng.internal.MethodRunner.runInSequence(MethodRunner.java:46)
	at org.testng.internal.TestInvoker$MethodInvocationAgent.invoke(TestInvoker.java:824)
	at org.testng.internal.TestInvoker.invokeTestMethods(TestInvoker.java:146)
	at org.testng.internal.TestMethodWorker.invokeTestMethods(TestMethodWorker.java:146)
	at org.testng.internal.TestMethodWorker.run(TestMethodWorker.java:128)
	at java.base/java.util.ArrayList.forEach(ArrayList.java:1511)
	at org.testng.TestRunner.privateRun(TestRunner.java:794)
	at org.testng.TestRunner.run(TestRunner.java:596)
	at org.testng.SuiteRunner.runTest(SuiteRunner.java:377)
	at org.testng.SuiteRunner.runSequentially(SuiteRunner.java:371)
	at org.testng.SuiteRunner.privateRun(SuiteRunner.java:332)
	at org.testng.SuiteRunner.run(SuiteRunner.java:276)
	at org.testng.SuiteRunnerWorker.runSuite(SuiteRunnerWorker.java:53)
	at org.testng.SuiteRunnerWorker.run(SuiteRunnerWorker.java:96)
	at org.testng.TestNG.runSuitesSequentially(TestNG.java:1212)
	at org.testng.TestNG.runSuitesLocally(TestNG.java:1134)
	at org.testng.TestNG.runSuites(TestNG.java:1063)
	at org.testng.TestNG.run(TestNG.java:1031)
	at org.apache.maven.surefire.testng.TestNGExecutor.run(TestNGExecutor.java:155)
	at org.apache.maven.surefire.testng.TestNGDirectoryTestSuite.executeMulti(TestNGDirectoryTestSuite.java:169)
	at org.apache.maven.surefire.testng.TestNGDirectoryTestSuite.execute(TestNGDirectoryTestSuite.java:88)
	at org.apache.maven.surefire.testng.TestNGProvider.invoke(TestNGProvider.java:137)
	at org.apache.maven.surefire.booter.ForkedBooter.runSuitesInProcess(ForkedBooter.java:385)
	at org.apache.maven.surefire.booter.ForkedBooter.execute(ForkedBooter.java:162)
	at org.apache.maven.surefire.booter.ForkedBooter.run(ForkedBooter.java:507)
	at org.apache.maven.surefire.booter.ForkedBooter.main(ForkedBooter.java:495)
]]></failure>
    <system-err><![CDATA[квіт. 21, 2024 2:21:06 ПП org.tests.BaseTest afterEachTest
INFO: Cleaning up after each test method
квіт. 21, 2024 2:21:06 ПП org.tests.BaseTest beforeEachTest
INFO: Setting up before each test method
квіт. 21, 2024 2:21:06 ПП org.utils.UserOperationsImpl checkIfUsersHaveLastNameStartingWithSOrA
INFO: Users with last name starting with S or A: false
]]></system-err>
  </testcase>
  <testcase name="testCheckUserAgeOperation_1" classname="org.tests.UserOperationsImplTest" time="0.001">
    <system-err><![CDATA[квіт. 21, 2024 2:21:06 ПП org.tests.BaseTest afterEachTest
INFO: Cleaning up after each test method
квіт. 21, 2024 2:21:06 ПП org.tests.BaseTest beforeEachTest
INFO: Setting up before each test method
квіт. 21, 2024 2:21:06 ПП org.utils.UserOperationsImpl checkIfAllUsersAreOver18
INFO: All users are over 18: true
]]></system-err>
  </testcase>
  <testcase name="testCheckUserAgeOperation_2" classname="org.tests.UserOperationsImplTest" time="0.001">
    <system-err><![CDATA[квіт. 21, 2024 2:21:06 ПП org.tests.BaseTest afterEachTest
INFO: Cleaning up after each test method
квіт. 21, 2024 2:21:06 ПП org.tests.BaseTest beforeEachTest
INFO: Setting up before each test method
квіт. 21, 2024 2:21:06 ПП org.utils.UserOperationsImpl checkIfAllUsersAreOver18
INFO: All users are over 18: true
]]></system-err>
  </testcase>
  <testcase name="testCheckUserLastNameOperation_1" classname="org.tests.UserOperationsImplTest" time="0.001">
    <system-err><![CDATA[квіт. 21, 2024 2:21:06 ПП org.tests.BaseTest afterEachTest
INFO: Cleaning up after each test method
квіт. 21, 2024 2:21:06 ПП org.tests.BaseTest beforeEachTest
INFO: Setting up before each test method
квіт. 21, 2024 2:21:06 ПП org.utils.UserOperationsImpl checkIfUsersHaveLastNameStartingWithSOrA
INFO: Users with last name starting with S or A: true
]]></system-err>
  </testcase>
  <testcase name="testCheckUserLastNameOperation_2" classname="org.tests.UserOperationsImplTest" time="0.012">
    <system-err><![CDATA[квіт. 21, 2024 2:21:06 ПП org.tests.BaseTest afterEachTest
INFO: Cleaning up after each test method
квіт. 21, 2024 2:21:06 ПП org.tests.BaseTest beforeEachTest
INFO: Setting up before each test method
квіт. 21, 2024 2:21:06 ПП org.utils.UserOperationsImpl checkIfUsersHaveLastNameStartingWithSOrA
INFO: Users with last name starting with S or A: true
]]></system-err>
  </testcase>
  <testcase name="testSortByAge_1" classname="org.tests.UserOperationsImplTest" time="0.001">
    <failure message="expected [true] but found [false]" type="java.lang.AssertionError"><![CDATA[java.lang.AssertionError: expected [true] but found [false]
	at org.testng.Assert.fail(Assert.java:99)
	at org.testng.Assert.failNotEquals(Assert.java:1037)
	at org.testng.Assert.assertTrue(Assert.java:45)
	at org.testng.Assert.assertTrue(Assert.java:55)
	at org.tests.UserOperationsImplTest.testSortByAge_1(UserOperationsImplTest.java:28)
	at java.base/jdk.internal.reflect.NativeMethodAccessorImpl.invoke0(Native Method)
	at java.base/jdk.internal.reflect.NativeMethodAccessorImpl.invoke(NativeMethodAccessorImpl.java:77)
	at java.base/jdk.internal.reflect.DelegatingMethodAccessorImpl.invoke(DelegatingMethodAccessorImpl.java:43)
	at java.base/java.lang.reflect.Method.invoke(Method.java:568)
	at org.testng.internal.MethodInvocationHelper.invokeMethod(MethodInvocationHelper.java:133)
	at org.testng.internal.TestInvoker.invokeMethod(TestInvoker.java:598)
	at org.testng.internal.TestInvoker.invokeTestMethod(TestInvoker.java:173)
	at org.testng.internal.MethodRunner.runInSequence(MethodRunner.java:46)
	at org.testng.internal.TestInvoker$MethodInvocationAgent.invoke(TestInvoker.java:824)
	at org.testng.internal.TestInvoker.invokeTestMethods(TestInvoker.java:146)
	at org.testng.internal.TestMethodWorker.invokeTestMethods(TestMethodWorker.java:146)
	at org.testng.internal.TestMethodWorker.run(TestMethodWorker.java:128)
	at java.base/java.util.ArrayList.forEach(ArrayList.java:1511)
	at org.testng.TestRunner.privateRun(TestRunner.java:794)
	at org.testng.TestRunner.run(TestRunner.java:596)
	at org.testng.SuiteRunner.runTest(SuiteRunner.java:377)
	at org.testng.SuiteRunner.runSequentially(SuiteRunner.java:371)
	at org.testng.SuiteRunner.privateRun(SuiteRunner.java:332)
	at org.testng.SuiteRunner.run(SuiteRunner.java:276)
	at org.testng.SuiteRunnerWorker.runSuite(SuiteRunnerWorker.java:53)
	at org.testng.SuiteRunnerWorker.run(SuiteRunnerWorker.java:96)
	at org.testng.TestNG.runSuitesSequentially(TestNG.java:1212)
	at org.testng.TestNG.runSuitesLocally(TestNG.java:1134)
	at org.testng.TestNG.runSuites(TestNG.java:1063)
	at org.testng.TestNG.run(TestNG.java:1031)
	at org.apache.maven.surefire.testng.TestNGExecutor.run(TestNGExecutor.java:155)
	at org.apache.maven.surefire.testng.TestNGDirectoryTestSuite.executeMulti(TestNGDirectoryTestSuite.java:169)
	at org.apache.maven.surefire.testng.TestNGDirectoryTestSuite.execute(TestNGDirectoryTestSuite.java:88)
	at org.apache.maven.surefire.testng.TestNGProvider.invoke(TestNGProvider.java:137)
	at org.apache.maven.surefire.booter.ForkedBooter.runSuitesInProcess(ForkedBooter.java:385)
	at org.apache.maven.surefire.booter.ForkedBooter.execute(ForkedBooter.java:162)
	at org.apache.maven.surefire.booter.ForkedBooter.run(ForkedBooter.java:507)
	at org.apache.maven.surefire.booter.ForkedBooter.main(ForkedBooter.java:495)
]]></failure>
    <system-err><![CDATA[квіт. 21, 2024 2:21:06 ПП org.tests.BaseTest afterEachTest
INFO: Cleaning up after each test method
квіт. 21, 2024 2:21:06 ПП org.tests.BaseTest beforeEachTest
INFO: Setting up before each test method
квіт. 21, 2024 2:21:06 ПП org.utils.UserOperationsImpl sortByAge
INFO: Sorted by age: [User{firstName='John', secondName='Doe', age=25}, User{firstName='Emma', secondName='Taylor', age=28}, User{firstName='Alice', secondName='Smith', age=30}, User{firstName='Michael', secondName='Johnson', age=35}, User{firstName='James', secondName='Brown', age=40}]
]]></system-err>
  </testcase>
  <testcase name="testSortByAge_2" classname="org.tests.UserOperationsImplTest" time="0.004">
    <failure message="expected [true] but found [false]" type="java.lang.AssertionError"><![CDATA[java.lang.AssertionError: expected [true] but found [false]
	at org.testng.Assert.fail(Assert.java:99)
	at org.testng.Assert.failNotEquals(Assert.java:1037)
	at org.testng.Assert.assertTrue(Assert.java:45)
	at org.testng.Assert.assertTrue(Assert.java:55)
	at org.tests.UserOperationsImplTest.testSortByAge_2(UserOperationsImplTest.java:45)
	at java.base/jdk.internal.reflect.NativeMethodAccessorImpl.invoke0(Native Method)
	at java.base/jdk.internal.reflect.NativeMethodAccessorImpl.invoke(NativeMethodAccessorImpl.java:77)
	at java.base/jdk.internal.reflect.DelegatingMethodAccessorImpl.invoke(DelegatingMethodAccessorImpl.java:43)
	at java.base/java.lang.reflect.Method.invoke(Method.java:568)
	at org.testng.internal.MethodInvocationHelper.invokeMethod(MethodInvocationHelper.java:133)
	at org.testng.internal.TestInvoker.invokeMethod(TestInvoker.java:598)
	at org.testng.internal.TestInvoker.invokeTestMethod(TestInvoker.java:173)
	at org.testng.internal.MethodRunner.runInSequence(MethodRunner.java:46)
	at org.testng.internal.TestInvoker$MethodInvocationAgent.invoke(TestInvoker.java:824)
	at org.testng.internal.TestInvoker.invokeTestMethods(TestInvoker.java:146)
	at org.testng.internal.TestMethodWorker.invokeTestMethods(TestMethodWorker.java:146)
	at org.testng.internal.TestMethodWorker.run(TestMethodWorker.java:128)
	at java.base/java.util.ArrayList.forEach(ArrayList.java:1511)
	at org.testng.TestRunner.privateRun(TestRunner.java:794)
	at org.testng.TestRunner.run(TestRunner.java:596)
	at org.testng.SuiteRunner.runTest(SuiteRunner.java:377)
	at org.testng.SuiteRunner.runSequentially(SuiteRunner.java:371)
	at org.testng.SuiteRunner.privateRun(SuiteRunner.java:332)
	at org.testng.SuiteRunner.run(SuiteRunner.java:276)
	at org.testng.SuiteRunnerWorker.runSuite(SuiteRunnerWorker.java:53)
	at org.testng.SuiteRunnerWorker.run(SuiteRunnerWorker.java:96)
	at org.testng.TestNG.runSuitesSequentially(TestNG.java:1212)
	at org.testng.TestNG.runSuitesLocally(TestNG.java:1134)
	at org.testng.TestNG.runSuites(TestNG.java:1063)
	at org.testng.TestNG.run(TestNG.java:1031)
	at org.apache.maven.surefire.testng.TestNGExecutor.run(TestNGExecutor.java:155)
	at org.apache.maven.surefire.testng.TestNGDirectoryTestSuite.executeMulti(TestNGDirectoryTestSuite.java:169)
	at org.apache.maven.surefire.testng.TestNGDirectoryTestSuite.execute(TestNGDirectoryTestSuite.java:88)
	at org.apache.maven.surefire.testng.TestNGProvider.invoke(TestNGProvider.java:137)
	at org.apache.maven.surefire.booter.ForkedBooter.runSuitesInProcess(ForkedBooter.java:385)
	at org.apache.maven.surefire.booter.ForkedBooter.execute(ForkedBooter.java:162)
	at org.apache.maven.surefire.booter.ForkedBooter.run(ForkedBooter.java:507)
	at org.apache.maven.surefire.booter.ForkedBooter.main(ForkedBooter.java:495)
]]></failure>
    <system-err><![CDATA[квіт. 21, 2024 2:21:06 ПП org.tests.BaseTest afterEachTest
INFO: Cleaning up after each test method
квіт. 21, 2024 2:21:06 ПП org.tests.BaseTest beforeEachTest
INFO: Setting up before each test method
квіт. 21, 2024 2:21:06 ПП org.utils.UserOperationsImpl sortByAge
INFO: Sorted by age: [User{firstName='Sophia', secondName='Martinez', age=20}, User{firstName='John', secondName='Doe', age=25}, User{firstName='Alice', secondName='Smith', age=30}]
]]></system-err>
  </testcase>
  <testcase name="testSortByMultipleProperties_1" classname="org.tests.UserOperationsImplTest" time="0.0">
    <failure message="Cannot invoke &quot;java.util.List.stream()&quot; because &quot;users&quot; is null" type="java.lang.NullPointerException"><![CDATA[java.lang.NullPointerException: Cannot invoke "java.util.List.stream()" because "users" is null
	at org.utils.UserOperationsImpl.sortByMultipleProperties(UserOperationsImpl.java:54)
	at org.tests.UserOperationsImplTest.testSortByMultipleProperties_1(UserOperationsImplTest.java:67)
	at java.base/jdk.internal.reflect.NativeMethodAccessorImpl.invoke0(Native Method)
	at java.base/jdk.internal.reflect.NativeMethodAccessorImpl.invoke(NativeMethodAccessorImpl.java:77)
	at java.base/jdk.internal.reflect.DelegatingMethodAccessorImpl.invoke(DelegatingMethodAccessorImpl.java:43)
	at java.base/java.lang.reflect.Method.invoke(Method.java:568)
	at org.testng.internal.MethodInvocationHelper.invokeMethod(MethodInvocationHelper.java:133)
	at org.testng.internal.TestInvoker.invokeMethod(TestInvoker.java:598)
	at org.testng.internal.TestInvoker.invokeTestMethod(TestInvoker.java:173)
	at org.testng.internal.MethodRunner.runInSequence(MethodRunner.java:46)
	at org.testng.internal.TestInvoker$MethodInvocationAgent.invoke(TestInvoker.java:824)
	at org.testng.internal.TestInvoker.invokeTestMethods(TestInvoker.java:146)
	at org.testng.internal.TestMethodWorker.invokeTestMethods(TestMethodWorker.java:146)
	at org.testng.internal.TestMethodWorker.run(TestMethodWorker.java:128)
	at java.base/java.util.ArrayList.forEach(ArrayList.java:1511)
	at org.testng.TestRunner.privateRun(TestRunner.java:794)
	at org.testng.TestRunner.run(TestRunner.java:596)
	at org.testng.SuiteRunner.runTest(SuiteRunner.java:377)
	at org.testng.SuiteRunner.runSequentially(SuiteRunner.java:371)
	at org.testng.SuiteRunner.privateRun(SuiteRunner.java:332)
	at org.testng.SuiteRunner.run(SuiteRunner.java:276)
	at org.testng.SuiteRunnerWorker.runSuite(SuiteRunnerWorker.java:53)
	at org.testng.SuiteRunnerWorker.run(SuiteRunnerWorker.java:96)
	at org.testng.TestNG.runSuitesSequentially(TestNG.java:1212)
	at org.testng.TestNG.runSuitesLocally(TestNG.java:1134)
	at org.testng.TestNG.runSuites(TestNG.java:1063)
	at org.testng.TestNG.run(TestNG.java:1031)
	at org.apache.maven.surefire.testng.TestNGExecutor.run(TestNGExecutor.java:155)
	at org.apache.maven.surefire.testng.TestNGDirectoryTestSuite.executeMulti(TestNGDirectoryTestSuite.java:169)
	at org.apache.maven.surefire.testng.TestNGDirectoryTestSuite.execute(TestNGDirectoryTestSuite.java:88)
	at org.apache.maven.surefire.testng.TestNGProvider.invoke(TestNGProvider.java:137)
	at org.apache.maven.surefire.booter.ForkedBooter.runSuitesInProcess(ForkedBooter.java:385)
	at org.apache.maven.surefire.booter.ForkedBooter.execute(ForkedBooter.java:162)
	at org.apache.maven.surefire.booter.ForkedBooter.run(ForkedBooter.java:507)
	at org.apache.maven.surefire.booter.ForkedBooter.main(ForkedBooter.java:495)
]]></failure>
    <system-err><![CDATA[квіт. 21, 2024 2:21:06 ПП org.tests.BaseTest afterEachTest
INFO: Cleaning up after each test method
квіт. 21, 2024 2:21:06 ПП org.tests.BaseTest beforeEachTest
INFO: Setting up before each test method
]]></system-err>
  </testcase>
  <testcase name="testSortByMultipleProperties_2" classname="org.tests.UserOperationsImplTest" time="0.0">
    <system-err><![CDATA[квіт. 21, 2024 2:21:06 ПП org.tests.BaseTest afterEachTest
INFO: Cleaning up after each test method
квіт. 21, 2024 2:21:06 ПП org.tests.BaseTest beforeEachTest
INFO: Setting up before each test method
квіт. 21, 2024 2:21:06 ПП org.utils.UserOperationsImpl sortByMultipleProperties
INFO: Sorted by first name and age: [User{firstName='Alice', secondName='Smith', age=30}, User{firstName='John', secondName='Doe', age=25}, User{firstName='Sophia', secondName='Martinez', age=20}]
]]></system-err>
  </testcase>
</testsuite>