<?xml version="1.0" encoding="UTF-8"?>
<!-- Generated by org.testng.reporters.JUnitXMLReporter -->
<testsuite ignored="4" hostname="LAPTOP-OBRH8HI9" failures="7" tests="13" name="Surefire test" time="0.292" errors="0" timestamp="2024-04-21T14:21:06 EEST">
  <testcase classname="org.tests.ParametrizedTest" name="testCheckIfUsersHaveLastNameStartingWithSOrA_Parametrized" time="0.041">
    <failure type="java.lang.AssertionError" message="expected [false] but found [true]">
      <![CDATA[java.lang.AssertionError: expected [false] but found [true]
at org.tests.ParametrizedTest.testCheckIfUsersHaveLastNameStartingWithSOrA_Parametrized(ParametrizedTest.java:24)
at java.base/java.util.ArrayList.forEach(ArrayList.java:1511)
... Removed 38 stack frames]]>
    </failure>
  </testcase> <!-- testCheckIfUsersHaveLastNameStartingWithSOrA_Parametrized -->
  <testcase classname="org.tests.ParametrizedTest" name="testCheckIfUsersHaveLastNameStartingWithSOrA_Parametrized" time="0.01"/>
  <testcase classname="org.tests.UserOperationsImplTest" name="testCalculateAverageAge_1" time="0.001">
    <failure type="java.lang.NullPointerException" message="Cannot invoke &amp;quot;java.util.List.stream()&amp;quot; because &amp;quot;users&amp;quot; is null">
      <![CDATA[java.lang.NullPointerException: Cannot invoke "java.util.List.stream()" because "users" is null
at org.utils.UserOperationsImpl.calculateAverageAge(UserOperationsImpl.java:23)
at org.tests.UserOperationsImplTest.testCalculateAverageAge_1(UserOperationsImplTest.java:53)
at java.base/java.util.ArrayList.forEach(ArrayList.java:1511)
... Removed 32 stack frames]]>
    </failure>
  </testcase> <!-- testCalculateAverageAge_1 -->
  <testcase classname="org.tests.UserOperationsImplTest" name="testCalculateAverageAge_2" time="0.0">
    <failure type="java.lang.NullPointerException" message="Cannot invoke &amp;quot;java.util.List.stream()&amp;quot; because &amp;quot;users&amp;quot; is null">
      <![CDATA[java.lang.NullPointerException: Cannot invoke "java.util.List.stream()" because "users" is null
at org.utils.UserOperationsImpl.calculateAverageAge(UserOperationsImpl.java:23)
at org.tests.UserOperationsImplTest.testCalculateAverageAge_2(UserOperationsImplTest.java:60)
at java.base/java.util.ArrayList.forEach(ArrayList.java:1511)
... Removed 32 stack frames]]>
    </failure>
  </testcase> <!-- testCalculateAverageAge_2 -->
  <testcase classname="org.tests.UserOperationsImplTest" name="testCheckIfUsersHaveLastNameStartingWithSOrA_EmptyList" time="0.004">
    <failure type="java.lang.AssertionError" message="Expected result should be true for null or empty list expected [true] but found [false]">
      <![CDATA[java.lang.AssertionError: Expected result should be true for null or empty list expected [true] but found [false]
at org.tests.UserOperationsImplTest.testCheckIfUsersHaveLastNameStartingWithSOrA_EmptyList(UserOperationsImplTest.java:160)
at java.base/java.util.ArrayList.forEach(ArrayList.java:1511)
... Removed 35 stack frames]]>
    </failure>
  </testcase> <!-- testCheckIfUsersHaveLastNameStartingWithSOrA_EmptyList -->
  <testcase classname="org.tests.UserOperationsImplTest" name="testCheckUserAgeOperation_1" time="0.003"/>
  <testcase classname="org.tests.UserOperationsImplTest" name="testCheckUserAgeOperation_2" time="0.004"/>
  <testcase classname="org.tests.UserOperationsImplTest" name="testCheckUserLastNameOperation_1" time="0.002"/>
  <testcase classname="org.tests.UserOperationsImplTest" name="testCheckUserLastNameOperation_2" time="0.006"/>
  <testcase classname="org.tests.UserOperationsImplTest" name="testSortByAge_1" time="0.002">
    <failure type="java.lang.AssertionError" message="expected [true] but found [false]">
      <![CDATA[java.lang.AssertionError: expected [true] but found [false]
at org.tests.UserOperationsImplTest.testSortByAge_1(UserOperationsImplTest.java:28)
at java.base/java.util.ArrayList.forEach(ArrayList.java:1511)
... Removed 36 stack frames]]>
    </failure>
  </testcase> <!-- testSortByAge_1 -->
  <testcase classname="org.tests.UserOperationsImplTest" name="testSortByAge_2" time="0.001">
    <failure type="java.lang.AssertionError" message="expected [true] but found [false]">
      <![CDATA[java.lang.AssertionError: expected [true] but found [false]
at org.tests.UserOperationsImplTest.testSortByAge_2(UserOperationsImplTest.java:45)
at java.base/java.util.ArrayList.forEach(ArrayList.java:1511)
... Removed 36 stack frames]]>
    </failure>
  </testcase> <!-- testSortByAge_2 -->
  <testcase classname="org.tests.UserOperationsImplTest" name="testSortByMultipleProperties_1" time="0.001">
    <failure type="java.lang.NullPointerException" message="Cannot invoke &amp;quot;java.util.List.stream()&amp;quot; because &amp;quot;users&amp;quot; is null">
      <![CDATA[java.lang.NullPointerException: Cannot invoke "java.util.List.stream()" because "users" is null
at org.utils.UserOperationsImpl.sortByMultipleProperties(UserOperationsImpl.java:54)
at org.tests.UserOperationsImplTest.testSortByMultipleProperties_1(UserOperationsImplTest.java:67)
at java.base/java.util.ArrayList.forEach(ArrayList.java:1511)
... Removed 32 stack frames]]>
    </failure>
  </testcase> <!-- testSortByMultipleProperties_1 -->
  <testcase classname="org.tests.UserOperationsImplTest" name="testSortByMultipleProperties_2" time="0.002"/>
  <testcase classname="org.tests.BaseTest" name="@BeforeTest setUp" time="0.0">
    <ignored/>
  </testcase> <!-- @BeforeTest setUp -->
  <testcase classname="org.tests.BaseTest" name="@BeforeTest setUp" time="0.0">
    <ignored/>
  </testcase> <!-- @BeforeTest setUp -->
  <testcase classname="org.tests.BaseTest" name="@AfterTest tearDown" time="0.0">
    <ignored/>
  </testcase> <!-- @AfterTest tearDown -->
  <testcase classname="org.tests.BaseTest" name="@AfterTest tearDown" time="0.0">
    <ignored/>
  </testcase> <!-- @AfterTest tearDown -->
</testsuite> <!-- Surefire test -->
